<?xml version="1.0" encoding="UTF-8"?>
<testsuite xmlns:xsi="http://www.w3.org/2001/XMLSchema-instance" xsi:noNamespaceSchemaLocation="https://maven.apache.org/surefire/maven-surefire-plugin/xsd/surefire-test-report.xsd" name="edu.westga.cs3211.a2.test.model.hi_low_game.TestCheckGuess" time="0.054" tests="4" errors="0" skipped="0" failures="0">
  <properties>
[...]
</properties>
  <testcase name="testGuessCorrect" classname="edu.westga.cs3211.a2.test.model.hi_low_game.TestCheckGuess" time="0.037"/>
  <testcase name="testGuessTooLow" classname="edu.westga.cs3211.a2.test.model.hi_low_game.TestCheckGuess" time="0.001"/>
  <testcase name="testGuessLimitReached" classname="edu.westga.cs3211.a2.test.model.hi_low_game.TestCheckGuess" time="0.002"/>
  <testcase name="testGuessTooHigh" classname="edu.westga.cs3211.a2.test.model.hi_low_game.TestCheckGuess" time="0.003"/>
</testsuite>